<?xml version="1.0" encoding="UTF-8"?>
<!-- Generated by org.testng.reporters.JUnitReportReporter -->
<testsuite hostname="LIN-5CG1349P9X" failures="0" tests="1" name="practice.Assignment6WindowHandles" time="14.078" errors="0" timestamp="2025-01-14T07:47:45 IST" skipped="0">
  <testcase classname="practice.Assignment6WindowHandles" name="WIndowHandles" time="14.078"/>
</testsuite> <!-- practice.Assignment6WindowHandles -->
