<?xml version="1.0" encoding="UTF-8"?>
<!-- Generated by org.testng.reporters.JUnitReportReporter -->
<testsuite hostname="LIN-5CG1349P9X" failures="0" tests="1" name="practice.Assignment7Frames" time="8.753" errors="0" timestamp="2025-01-14T08:29:00 IST" skipped="0">
  <testcase classname="practice.Assignment7Frames" name="FramesProgram" time="8.753"/>
</testsuite> <!-- practice.Assignment7Frames -->
