<?xml version="1.0" encoding="UTF-8"?>
<!-- Generated by org.testng.reporters.JUnitReportReporter -->
<testsuite hostname="LIN-5CG1349P9X" failures="0" tests="1" name="bDDframework.OrangeHRMLoginPage" time="31.184" errors="0" timestamp="2025-01-20T08:09:48 IST" skipped="0">
  <testcase classname="bDDframework.OrangeHRMLoginPage" name="Loginpage" time="31.184"/>
</testsuite> <!-- bDDframework.OrangeHRMLoginPage -->
